2025-09-14T10:27:42.974+05:30  INFO 11364 --- [Back_End] [main] c.h.back_end.BackEndApplicationTests     : Starting BackEndApplicationTests using Java 24.0.1 with PID 11364 (started by Welcome in C:\Users\Welcome\OneDrive\Documents\Learning Files\Projects\Seccond Semester\AAD - Advance Api Development\AAD FINAL PROJECT\AAD-Final-Project---Hierly---Freelancing-platform---\Back_End)
2025-09-14T10:27:42.978+05:30  INFO 11364 --- [Back_End] [main] c.h.back_end.BackEndApplicationTests     : No active profile set, falling back to 1 default profile: "default"
2025-09-14T10:27:44.879+05:30  INFO 11364 --- [Back_End] [main] .s.d.r.c.RepositoryConfigurationDelegate : Bootstrapping Spring Data JPA repositories in DEFAULT mode.
2025-09-14T10:27:45.013+05:30  INFO 11364 --- [Back_End] [main] .s.d.r.c.RepositoryConfigurationDelegate : Finished Spring Data repository scanning in 115 ms. Found 2 JPA repository interfaces.
2025-09-14T10:27:46.152+05:30  INFO 11364 --- [Back_End] [main] o.hibernate.jpa.internal.util.LogHelper  : HHH000204: Processing PersistenceUnitInfo [name: default]
2025-09-14T10:27:46.286+05:30  INFO 11364 --- [Back_End] [main] org.hibernate.Version                    : HHH000412: Hibernate ORM core version 6.6.26.Final
2025-09-14T10:27:46.366+05:30  INFO 11364 --- [Back_End] [main] o.h.c.internal.RegionFactoryInitiator    : HHH000026: Second-level cache disabled
2025-09-14T10:27:47.237+05:30  INFO 11364 --- [Back_End] [main] o.s.o.j.p.SpringPersistenceUnitInfo      : No LoadTimeWeaver setup: ignoring JPA class transformer
2025-09-14T10:27:47.329+05:30  INFO 11364 --- [Back_End] [main] com.zaxxer.hikari.HikariDataSource       : HikariPool-1 - Starting...
2025-09-14T10:27:47.795+05:30  INFO 11364 --- [Back_End] [main] com.zaxxer.hikari.pool.HikariPool        : HikariPool-1 - Added connection com.mysql.cj.jdbc.ConnectionImpl@350f18a6
2025-09-14T10:27:47.799+05:30  INFO 11364 --- [Back_End] [main] com.zaxxer.hikari.HikariDataSource       : HikariPool-1 - Start completed.
2025-09-14T10:27:47.891+05:30  WARN 11364 --- [Back_End] [main] org.hibernate.dialect.Dialect            : HHH000511: The 5.5.16 version for [org.hibernate.dialect.MySQLDialect] is no longer supported, hence certain features may not work properly. The minimum supported version is 8.0.0. Check the community dialects project for available legacy versions.
2025-09-14T10:27:47.899+05:30  WARN 11364 --- [Back_End] [main] org.hibernate.orm.deprecation            : HHH90000025: MySQLDialect does not need to be specified explicitly using 'hibernate.dialect' (remove the property setting and it will be selected by default)
2025-09-14T10:27:47.945+05:30  INFO 11364 --- [Back_End] [main] org.hibernate.orm.connections.pooling    : HHH10001005: Database info:
	Database JDBC URL [Connecting through datasource 'HikariDataSource (HikariPool-1)']
	Database driver: undefined/unknown
	Database version: 5.5.16
	Autocommit mode: undefined/unknown
	Isolation level: undefined/unknown
	Minimum pool size: undefined/unknown
	Maximum pool size: undefined/unknown
2025-09-14T10:27:49.420+05:30  INFO 11364 --- [Back_End] [main] o.h.e.t.j.p.i.JtaPlatformInitiator       : HHH000489: No JTA platform available (set 'hibernate.transaction.jta.platform' to enable JTA platform integration)
2025-09-14T10:27:49.627+05:30  INFO 11364 --- [Back_End] [main] j.LocalContainerEntityManagerFactoryBean : Initialized JPA EntityManagerFactory for persistence unit 'default'
2025-09-14T10:27:50.566+05:30  WARN 11364 --- [Back_End] [main] JpaBaseConfiguration$JpaWebConfiguration : spring.jpa.open-in-view is enabled by default. Therefore, database queries may be performed during view rendering. Explicitly configure spring.jpa.open-in-view to disable this warning
2025-09-14T10:27:50.667+05:30  INFO 11364 --- [Back_End] [main] eAuthenticationProviderManagerConfigurer : Global AuthenticationManager configured with AuthenticationProvider bean with name authenticationProvider
2025-09-14T10:27:50.669+05:30  WARN 11364 --- [Back_End] [main] r$InitializeUserDetailsManagerConfigurer : Global AuthenticationManager configured with an AuthenticationProvider bean. UserDetailsService beans will not be used by Spring Security for automatically configuring username/password login. Consider removing the AuthenticationProvider bean. Alternatively, consider using the UserDetailsService in a manually instantiated DaoAuthenticationProvider. If the current configuration is intentional, to turn off this warning, increase the logging level of 'org.springframework.security.config.annotation.authentication.configuration.InitializeUserDetailsBeanManagerConfigurer' to ERROR
2025-09-14T10:27:51.924+05:30  INFO 11364 --- [Back_End] [main] c.h.back_end.BackEndApplicationTests     : Started BackEndApplicationTests in 9.581 seconds (process running for 11.759)
2025-09-14T10:27:52.610+05:30  INFO 11364 --- [Back_End] [SpringApplicationShutdownHook] j.LocalContainerEntityManagerFactoryBean : Closing JPA EntityManagerFactory for persistence unit 'default'
2025-09-14T10:27:52.625+05:30  INFO 11364 --- [Back_End] [SpringApplicationShutdownHook] com.zaxxer.hikari.HikariDataSource       : HikariPool-1 - Shutdown initiated...
2025-09-14T10:27:52.652+05:30  INFO 11364 --- [Back_End] [SpringApplicationShutdownHook] com.zaxxer.hikari.HikariDataSource       : HikariPool-1 - Shutdown completed.
2025-09-14T10:28:16.342+05:30  INFO 728 --- [Back_End] [main] c.h.back_end.BackEndApplicationTests     : Starting BackEndApplicationTests using Java 24.0.1 with PID 728 (started by Welcome in C:\Users\Welcome\OneDrive\Documents\Learning Files\Projects\Seccond Semester\AAD - Advance Api Development\AAD FINAL PROJECT\AAD-Final-Project---Hierly---Freelancing-platform---\Back_End)
2025-09-14T10:28:16.345+05:30  INFO 728 --- [Back_End] [main] c.h.back_end.BackEndApplicationTests     : No active profile set, falling back to 1 default profile: "default"
2025-09-14T10:28:18.376+05:30  INFO 728 --- [Back_End] [main] .s.d.r.c.RepositoryConfigurationDelegate : Bootstrapping Spring Data JPA repositories in DEFAULT mode.
2025-09-14T10:28:18.571+05:30  INFO 728 --- [Back_End] [main] .s.d.r.c.RepositoryConfigurationDelegate : Finished Spring Data repository scanning in 147 ms. Found 2 JPA repository interfaces.
2025-09-14T10:28:19.948+05:30  INFO 728 --- [Back_End] [main] o.hibernate.jpa.internal.util.LogHelper  : HHH000204: Processing PersistenceUnitInfo [name: default]
2025-09-14T10:28:20.064+05:30  INFO 728 --- [Back_End] [main] org.hibernate.Version                    : HHH000412: Hibernate ORM core version 6.6.26.Final
2025-09-14T10:28:20.145+05:30  INFO 728 --- [Back_End] [main] o.h.c.internal.RegionFactoryInitiator    : HHH000026: Second-level cache disabled
2025-09-14T10:28:21.270+05:30  INFO 728 --- [Back_End] [main] o.s.o.j.p.SpringPersistenceUnitInfo      : No LoadTimeWeaver setup: ignoring JPA class transformer
2025-09-14T10:28:21.412+05:30  INFO 728 --- [Back_End] [main] com.zaxxer.hikari.HikariDataSource       : HikariPool-1 - Starting...
2025-09-14T10:28:21.857+05:30  INFO 728 --- [Back_End] [main] com.zaxxer.hikari.pool.HikariPool        : HikariPool-1 - Added connection com.mysql.cj.jdbc.ConnectionImpl@1a89414e
2025-09-14T10:28:21.860+05:30  INFO 728 --- [Back_End] [main] com.zaxxer.hikari.HikariDataSource       : HikariPool-1 - Start completed.
2025-09-14T10:28:21.935+05:30  WARN 728 --- [Back_End] [main] org.hibernate.dialect.Dialect            : HHH000511: The 5.5.16 version for [org.hibernate.dialect.MySQLDialect] is no longer supported, hence certain features may not work properly. The minimum supported version is 8.0.0. Check the community dialects project for available legacy versions.
2025-09-14T10:28:21.944+05:30  WARN 728 --- [Back_End] [main] org.hibernate.orm.deprecation            : HHH90000025: MySQLDialect does not need to be specified explicitly using 'hibernate.dialect' (remove the property setting and it will be selected by default)
2025-09-14T10:28:21.980+05:30  INFO 728 --- [Back_End] [main] org.hibernate.orm.connections.pooling    : HHH10001005: Database info:
	Database JDBC URL [Connecting through datasource 'HikariDataSource (HikariPool-1)']
	Database driver: undefined/unknown
	Database version: 5.5.16
	Autocommit mode: undefined/unknown
	Isolation level: undefined/unknown
	Minimum pool size: undefined/unknown
	Maximum pool size: undefined/unknown
2025-09-14T10:28:24.990+05:30  INFO 728 --- [Back_End] [main] o.h.e.t.j.p.i.JtaPlatformInitiator       : HHH000489: No JTA platform available (set 'hibernate.transaction.jta.platform' to enable JTA platform integration)
2025-09-14T10:28:25.378+05:30  INFO 728 --- [Back_End] [main] j.LocalContainerEntityManagerFactoryBean : Initialized JPA EntityManagerFactory for persistence unit 'default'
2025-09-14T10:28:27.262+05:30  WARN 728 --- [Back_End] [main] JpaBaseConfiguration$JpaWebConfiguration : spring.jpa.open-in-view is enabled by default. Therefore, database queries may be performed during view rendering. Explicitly configure spring.jpa.open-in-view to disable this warning
2025-09-14T10:28:27.412+05:30  INFO 728 --- [Back_End] [main] eAuthenticationProviderManagerConfigurer : Global AuthenticationManager configured with AuthenticationProvider bean with name authenticationProvider
2025-09-14T10:28:27.413+05:30  WARN 728 --- [Back_End] [main] r$InitializeUserDetailsManagerConfigurer : Global AuthenticationManager configured with an AuthenticationProvider bean. UserDetailsService beans will not be used by Spring Security for automatically configuring username/password login. Consider removing the AuthenticationProvider bean. Alternatively, consider using the UserDetailsService in a manually instantiated DaoAuthenticationProvider. If the current configuration is intentional, to turn off this warning, increase the logging level of 'org.springframework.security.config.annotation.authentication.configuration.InitializeUserDetailsBeanManagerConfigurer' to ERROR
2025-09-14T10:28:29.778+05:30  INFO 728 --- [Back_End] [main] c.h.back_end.BackEndApplicationTests     : Started BackEndApplicationTests in 14.336 seconds (process running for 16.574)
2025-09-14T10:28:31.539+05:30  INFO 728 --- [Back_End] [SpringApplicationShutdownHook] j.LocalContainerEntityManagerFactoryBean : Closing JPA EntityManagerFactory for persistence unit 'default'
2025-09-14T10:28:31.545+05:30  INFO 728 --- [Back_End] [SpringApplicationShutdownHook] com.zaxxer.hikari.HikariDataSource       : HikariPool-1 - Shutdown initiated...
2025-09-14T10:28:31.567+05:30  INFO 728 --- [Back_End] [SpringApplicationShutdownHook] com.zaxxer.hikari.HikariDataSource       : HikariPool-1 - Shutdown completed.
