2025-09-17T00:33:17.772+05:30  WARN 16116 --- [Back_End] [HikariPool-1:housekeeper] com.zaxxer.hikari.pool.HikariPool        : HikariPool-1 - Thread starvation or clock leap detected (housekeeper delta=3h12m14s622ms498µs200ns).
2025-09-17T01:40:38.228+05:30  INFO 16116 --- [Back_End] [SpringApplicationShutdownHook] o.s.b.w.e.tomcat.GracefulShutdown        : Commencing graceful shutdown. Waiting for active requests to complete
2025-09-17T01:40:38.271+05:30  INFO 16116 --- [Back_End] [tomcat-shutdown] o.s.b.w.e.tomcat.GracefulShutdown        : Graceful shutdown complete
2025-09-17T01:40:38.307+05:30  INFO 16116 --- [Back_End] [SpringApplicationShutdownHook] j.LocalContainerEntityManagerFactoryBean : Closing JPA EntityManagerFactory for persistence unit 'default'
2025-09-17T01:40:38.345+05:30  INFO 16116 --- [Back_End] [SpringApplicationShutdownHook] com.zaxxer.hikari.HikariDataSource       : HikariPool-1 - Shutdown initiated...
2025-09-17T01:40:38.394+05:30  INFO 16116 --- [Back_End] [SpringApplicationShutdownHook] com.zaxxer.hikari.HikariDataSource       : HikariPool-1 - Shutdown completed.
2025-09-17T01:40:50.189+05:30  INFO 13620 --- [Back_End] [main] com.hierly.back_end.BackEndApplication   : Starting BackEndApplication using Java 24.0.1 with PID 13620 (C:\Users\Welcome\OneDrive\Documents\Learning Files\Projects\Seccond Semester\AAD - Advance Api Development\AAD FINAL PROJECT\AAD-Final-Project---Hierly---Freelancing-platform---\Back_End\target\classes started by Welcome in C:\Users\Welcome\OneDrive\Documents\Learning Files\Projects\Seccond Semester\AAD - Advance Api Development\AAD FINAL PROJECT\AAD-Final-Project---Hierly---Freelancing-platform---)
2025-09-17T01:40:50.192+05:30  INFO 13620 --- [Back_End] [main] com.hierly.back_end.BackEndApplication   : No active profile set, falling back to 1 default profile: "default"
2025-09-17T01:40:51.701+05:30  INFO 13620 --- [Back_End] [main] .s.d.r.c.RepositoryConfigurationDelegate : Bootstrapping Spring Data JPA repositories in DEFAULT mode.
2025-09-17T01:40:51.818+05:30  INFO 13620 --- [Back_End] [main] .s.d.r.c.RepositoryConfigurationDelegate : Finished Spring Data repository scanning in 98 ms. Found 2 JPA repository interfaces.
2025-09-17T01:40:53.269+05:30  INFO 13620 --- [Back_End] [main] o.s.b.w.embedded.tomcat.TomcatWebServer  : Tomcat initialized with port 8080 (http)
2025-09-17T01:40:53.296+05:30  INFO 13620 --- [Back_End] [main] o.apache.catalina.core.StandardService   : Starting service [Tomcat]
2025-09-17T01:40:53.296+05:30  INFO 13620 --- [Back_End] [main] o.apache.catalina.core.StandardEngine    : Starting Servlet engine: [Apache Tomcat/10.1.44]
2025-09-17T01:40:53.391+05:30  INFO 13620 --- [Back_End] [main] o.a.c.c.C.[Tomcat].[localhost].[/]       : Initializing Spring embedded WebApplicationContext
2025-09-17T01:40:53.393+05:30  INFO 13620 --- [Back_End] [main] w.s.c.ServletWebServerApplicationContext : Root WebApplicationContext: initialization completed in 3106 ms
2025-09-17T01:40:53.964+05:30  INFO 13620 --- [Back_End] [main] o.hibernate.jpa.internal.util.LogHelper  : HHH000204: Processing PersistenceUnitInfo [name: default]
2025-09-17T01:40:54.100+05:30  INFO 13620 --- [Back_End] [main] org.hibernate.Version                    : HHH000412: Hibernate ORM core version 6.6.26.Final
2025-09-17T01:40:54.204+05:30  INFO 13620 --- [Back_End] [main] o.h.c.internal.RegionFactoryInitiator    : HHH000026: Second-level cache disabled
2025-09-17T01:40:54.920+05:30  INFO 13620 --- [Back_End] [main] o.s.o.j.p.SpringPersistenceUnitInfo      : No LoadTimeWeaver setup: ignoring JPA class transformer
2025-09-17T01:40:55.025+05:30  INFO 13620 --- [Back_End] [main] com.zaxxer.hikari.HikariDataSource       : HikariPool-1 - Starting...
2025-09-17T01:40:55.566+05:30  INFO 13620 --- [Back_End] [main] com.zaxxer.hikari.pool.HikariPool        : HikariPool-1 - Added connection com.mysql.cj.jdbc.ConnectionImpl@18d610e1
2025-09-17T01:40:55.569+05:30  INFO 13620 --- [Back_End] [main] com.zaxxer.hikari.HikariDataSource       : HikariPool-1 - Start completed.
2025-09-17T01:40:55.668+05:30  WARN 13620 --- [Back_End] [main] org.hibernate.dialect.Dialect            : HHH000511: The 5.5.16 version for [org.hibernate.dialect.MySQLDialect] is no longer supported, hence certain features may not work properly. The minimum supported version is 8.0.0. Check the community dialects project for available legacy versions.
2025-09-17T01:40:55.681+05:30  WARN 13620 --- [Back_End] [main] org.hibernate.orm.deprecation            : HHH90000025: MySQLDialect does not need to be specified explicitly using 'hibernate.dialect' (remove the property setting and it will be selected by default)
2025-09-17T01:40:55.729+05:30  INFO 13620 --- [Back_End] [main] org.hibernate.orm.connections.pooling    : HHH10001005: Database info:
	Database JDBC URL [Connecting through datasource 'HikariDataSource (HikariPool-1)']
	Database driver: undefined/unknown
	Database version: 5.5.16
	Autocommit mode: undefined/unknown
	Isolation level: undefined/unknown
	Minimum pool size: undefined/unknown
	Maximum pool size: undefined/unknown
2025-09-17T01:40:57.844+05:30  INFO 13620 --- [Back_End] [main] o.h.e.t.j.p.i.JtaPlatformInitiator       : HHH000489: No JTA platform available (set 'hibernate.transaction.jta.platform' to enable JTA platform integration)
2025-09-17T01:40:58.072+05:30  INFO 13620 --- [Back_End] [main] j.LocalContainerEntityManagerFactoryBean : Initialized JPA EntityManagerFactory for persistence unit 'default'
2025-09-17T01:40:59.297+05:30  WARN 13620 --- [Back_End] [main] JpaBaseConfiguration$JpaWebConfiguration : spring.jpa.open-in-view is enabled by default. Therefore, database queries may be performed during view rendering. Explicitly configure spring.jpa.open-in-view to disable this warning
2025-09-17T01:40:59.393+05:30  INFO 13620 --- [Back_End] [main] eAuthenticationProviderManagerConfigurer : Global AuthenticationManager configured with AuthenticationProvider bean with name authenticationProvider
2025-09-17T01:40:59.394+05:30  WARN 13620 --- [Back_End] [main] r$InitializeUserDetailsManagerConfigurer : Global AuthenticationManager configured with an AuthenticationProvider bean. UserDetailsService beans will not be used by Spring Security for automatically configuring username/password login. Consider removing the AuthenticationProvider bean. Alternatively, consider using the UserDetailsService in a manually instantiated DaoAuthenticationProvider. If the current configuration is intentional, to turn off this warning, increase the logging level of 'org.springframework.security.config.annotation.authentication.configuration.InitializeUserDetailsBeanManagerConfigurer' to ERROR
2025-09-17T01:41:00.464+05:30  INFO 13620 --- [Back_End] [main] o.s.b.w.embedded.tomcat.TomcatWebServer  : Tomcat started on port 8080 (http) with context path '/'
2025-09-17T01:41:00.476+05:30  INFO 13620 --- [Back_End] [main] com.hierly.back_end.BackEndApplication   : Started BackEndApplication in 11.184 seconds (process running for 12.502)
2025-09-17T01:41:16.956+05:30  INFO 13620 --- [Back_End] [http-nio-8080-exec-2] o.a.c.c.C.[Tomcat].[localhost].[/]       : Initializing Spring DispatcherServlet 'dispatcherServlet'
2025-09-17T01:41:16.957+05:30  INFO 13620 --- [Back_End] [http-nio-8080-exec-2] o.s.web.servlet.DispatcherServlet        : Initializing Servlet 'dispatcherServlet'
2025-09-17T01:41:16.961+05:30  INFO 13620 --- [Back_End] [http-nio-8080-exec-2] o.s.web.servlet.DispatcherServlet        : Completed initialization in 3 ms
2025-09-17T02:53:47.758+05:30  WARN 13620 --- [Back_End] [HikariPool-1:housekeeper] com.zaxxer.hikari.pool.HikariPool        : HikariPool-1 - Thread starvation or clock leap detected (housekeeper delta=30m21s684ms742µs).
2025-09-17T03:38:53.389+05:30  INFO 13620 --- [Back_End] [SpringApplicationShutdownHook] o.s.b.w.e.tomcat.GracefulShutdown        : Commencing graceful shutdown. Waiting for active requests to complete
2025-09-17T03:38:53.403+05:30  INFO 13620 --- [Back_End] [tomcat-shutdown] o.s.b.w.e.tomcat.GracefulShutdown        : Graceful shutdown complete
2025-09-17T03:38:53.413+05:30  INFO 13620 --- [Back_End] [SpringApplicationShutdownHook] j.LocalContainerEntityManagerFactoryBean : Closing JPA EntityManagerFactory for persistence unit 'default'
2025-09-17T03:38:53.422+05:30  INFO 13620 --- [Back_End] [SpringApplicationShutdownHook] com.zaxxer.hikari.HikariDataSource       : HikariPool-1 - Shutdown initiated...
2025-09-17T03:38:53.426+05:30  INFO 13620 --- [Back_End] [SpringApplicationShutdownHook] com.zaxxer.hikari.HikariDataSource       : HikariPool-1 - Shutdown completed.
2025-09-17T03:39:00.923+05:30  INFO 1836 --- [Back_End] [main] com.hierly.back_end.BackEndApplication   : Starting BackEndApplication using Java 24.0.1 with PID 1836 (C:\Users\Welcome\OneDrive\Documents\Learning Files\Projects\Seccond Semester\AAD - Advance Api Development\AAD FINAL PROJECT\AAD-Final-Project---Hierly---Freelancing-platform---\Back_End\target\classes started by Welcome in C:\Users\Welcome\OneDrive\Documents\Learning Files\Projects\Seccond Semester\AAD - Advance Api Development\AAD FINAL PROJECT\AAD-Final-Project---Hierly---Freelancing-platform---)
2025-09-17T03:39:00.927+05:30  INFO 1836 --- [Back_End] [main] com.hierly.back_end.BackEndApplication   : No active profile set, falling back to 1 default profile: "default"
2025-09-17T03:39:02.025+05:30  INFO 1836 --- [Back_End] [main] .s.d.r.c.RepositoryConfigurationDelegate : Bootstrapping Spring Data JPA repositories in DEFAULT mode.
2025-09-17T03:39:02.100+05:30  INFO 1836 --- [Back_End] [main] .s.d.r.c.RepositoryConfigurationDelegate : Finished Spring Data repository scanning in 62 ms. Found 2 JPA repository interfaces.
2025-09-17T03:39:02.815+05:30  INFO 1836 --- [Back_End] [main] o.s.b.w.embedded.tomcat.TomcatWebServer  : Tomcat initialized with port 8080 (http)
2025-09-17T03:39:02.838+05:30  INFO 1836 --- [Back_End] [main] o.apache.catalina.core.StandardService   : Starting service [Tomcat]
2025-09-17T03:39:02.839+05:30  INFO 1836 --- [Back_End] [main] o.apache.catalina.core.StandardEngine    : Starting Servlet engine: [Apache Tomcat/10.1.44]
2025-09-17T03:39:02.897+05:30  INFO 1836 --- [Back_End] [main] o.a.c.c.C.[Tomcat].[localhost].[/]       : Initializing Spring embedded WebApplicationContext
2025-09-17T03:39:02.897+05:30  INFO 1836 --- [Back_End] [main] w.s.c.ServletWebServerApplicationContext : Root WebApplicationContext: initialization completed in 1882 ms
2025-09-17T03:39:03.104+05:30  INFO 1836 --- [Back_End] [main] o.hibernate.jpa.internal.util.LogHelper  : HHH000204: Processing PersistenceUnitInfo [name: default]
2025-09-17T03:39:03.158+05:30  INFO 1836 --- [Back_End] [main] org.hibernate.Version                    : HHH000412: Hibernate ORM core version 6.6.26.Final
2025-09-17T03:39:03.192+05:30  INFO 1836 --- [Back_End] [main] o.h.c.internal.RegionFactoryInitiator    : HHH000026: Second-level cache disabled
2025-09-17T03:39:03.516+05:30  INFO 1836 --- [Back_End] [main] o.s.o.j.p.SpringPersistenceUnitInfo      : No LoadTimeWeaver setup: ignoring JPA class transformer
2025-09-17T03:39:03.548+05:30  INFO 1836 --- [Back_End] [main] com.zaxxer.hikari.HikariDataSource       : HikariPool-1 - Starting...
2025-09-17T03:39:03.723+05:30  INFO 1836 --- [Back_End] [main] com.zaxxer.hikari.pool.HikariPool        : HikariPool-1 - Added connection com.mysql.cj.jdbc.ConnectionImpl@1124910c
2025-09-17T03:39:03.726+05:30  INFO 1836 --- [Back_End] [main] com.zaxxer.hikari.HikariDataSource       : HikariPool-1 - Start completed.
2025-09-17T03:39:03.770+05:30  WARN 1836 --- [Back_End] [main] org.hibernate.dialect.Dialect            : HHH000511: The 5.5.16 version for [org.hibernate.dialect.MySQLDialect] is no longer supported, hence certain features may not work properly. The minimum supported version is 8.0.0. Check the community dialects project for available legacy versions.
2025-09-17T03:39:03.775+05:30  WARN 1836 --- [Back_End] [main] org.hibernate.orm.deprecation            : HHH90000025: MySQLDialect does not need to be specified explicitly using 'hibernate.dialect' (remove the property setting and it will be selected by default)
2025-09-17T03:39:03.797+05:30  INFO 1836 --- [Back_End] [main] org.hibernate.orm.connections.pooling    : HHH10001005: Database info:
	Database JDBC URL [Connecting through datasource 'HikariDataSource (HikariPool-1)']
	Database driver: undefined/unknown
	Database version: 5.5.16
	Autocommit mode: undefined/unknown
	Isolation level: undefined/unknown
	Minimum pool size: undefined/unknown
	Maximum pool size: undefined/unknown
2025-09-17T03:39:04.893+05:30  INFO 1836 --- [Back_End] [main] o.h.e.t.j.p.i.JtaPlatformInitiator       : HHH000489: No JTA platform available (set 'hibernate.transaction.jta.platform' to enable JTA platform integration)
2025-09-17T03:39:04.981+05:30  INFO 1836 --- [Back_End] [main] j.LocalContainerEntityManagerFactoryBean : Initialized JPA EntityManagerFactory for persistence unit 'default'
2025-09-17T03:39:05.612+05:30  WARN 1836 --- [Back_End] [main] JpaBaseConfiguration$JpaWebConfiguration : spring.jpa.open-in-view is enabled by default. Therefore, database queries may be performed during view rendering. Explicitly configure spring.jpa.open-in-view to disable this warning
2025-09-17T03:39:05.659+05:30  INFO 1836 --- [Back_End] [main] eAuthenticationProviderManagerConfigurer : Global AuthenticationManager configured with AuthenticationProvider bean with name authenticationProvider
2025-09-17T03:39:05.659+05:30  WARN 1836 --- [Back_End] [main] r$InitializeUserDetailsManagerConfigurer : Global AuthenticationManager configured with an AuthenticationProvider bean. UserDetailsService beans will not be used by Spring Security for automatically configuring username/password login. Consider removing the AuthenticationProvider bean. Alternatively, consider using the UserDetailsService in a manually instantiated DaoAuthenticationProvider. If the current configuration is intentional, to turn off this warning, increase the logging level of 'org.springframework.security.config.annotation.authentication.configuration.InitializeUserDetailsBeanManagerConfigurer' to ERROR
2025-09-17T03:39:06.287+05:30  INFO 1836 --- [Back_End] [main] o.s.b.w.embedded.tomcat.TomcatWebServer  : Tomcat started on port 8080 (http) with context path '/'
2025-09-17T03:39:06.294+05:30  INFO 1836 --- [Back_End] [main] com.hierly.back_end.BackEndApplication   : Started BackEndApplication in 6.173 seconds (process running for 7.566)
2025-09-17T03:39:16.116+05:30  INFO 1836 --- [Back_End] [http-nio-8080-exec-1] o.a.c.c.C.[Tomcat].[localhost].[/]       : Initializing Spring DispatcherServlet 'dispatcherServlet'
2025-09-17T03:39:16.116+05:30  INFO 1836 --- [Back_End] [http-nio-8080-exec-1] o.s.web.servlet.DispatcherServlet        : Initializing Servlet 'dispatcherServlet'
2025-09-17T03:39:16.118+05:30  INFO 1836 --- [Back_End] [http-nio-8080-exec-1] o.s.web.servlet.DispatcherServlet        : Completed initialization in 1 ms
2025-09-17T03:40:44.208+05:30  INFO 1836 --- [Back_End] [SpringApplicationShutdownHook] o.s.b.w.e.tomcat.GracefulShutdown        : Commencing graceful shutdown. Waiting for active requests to complete
2025-09-17T03:40:44.218+05:30  INFO 1836 --- [Back_End] [tomcat-shutdown] o.s.b.w.e.tomcat.GracefulShutdown        : Graceful shutdown complete
2025-09-17T03:40:44.228+05:30  INFO 1836 --- [Back_End] [SpringApplicationShutdownHook] j.LocalContainerEntityManagerFactoryBean : Closing JPA EntityManagerFactory for persistence unit 'default'
2025-09-17T03:40:44.232+05:30  INFO 1836 --- [Back_End] [SpringApplicationShutdownHook] com.zaxxer.hikari.HikariDataSource       : HikariPool-1 - Shutdown initiated...
2025-09-17T03:40:44.245+05:30  INFO 1836 --- [Back_End] [SpringApplicationShutdownHook] com.zaxxer.hikari.HikariDataSource       : HikariPool-1 - Shutdown completed.
2025-09-17T03:40:50.890+05:30  INFO 13036 --- [Back_End] [main] com.hierly.back_end.BackEndApplication   : Starting BackEndApplication using Java 24.0.1 with PID 13036 (C:\Users\Welcome\OneDrive\Documents\Learning Files\Projects\Seccond Semester\AAD - Advance Api Development\AAD FINAL PROJECT\AAD-Final-Project---Hierly---Freelancing-platform---\Back_End\target\classes started by Welcome in C:\Users\Welcome\OneDrive\Documents\Learning Files\Projects\Seccond Semester\AAD - Advance Api Development\AAD FINAL PROJECT\AAD-Final-Project---Hierly---Freelancing-platform---)
2025-09-17T03:40:50.893+05:30  INFO 13036 --- [Back_End] [main] com.hierly.back_end.BackEndApplication   : No active profile set, falling back to 1 default profile: "default"
2025-09-17T03:40:51.797+05:30  INFO 13036 --- [Back_End] [main] .s.d.r.c.RepositoryConfigurationDelegate : Bootstrapping Spring Data JPA repositories in DEFAULT mode.
2025-09-17T03:40:51.870+05:30  INFO 13036 --- [Back_End] [main] .s.d.r.c.RepositoryConfigurationDelegate : Finished Spring Data repository scanning in 61 ms. Found 2 JPA repository interfaces.
2025-09-17T03:40:52.559+05:30  INFO 13036 --- [Back_End] [main] o.s.b.w.embedded.tomcat.TomcatWebServer  : Tomcat initialized with port 8080 (http)
2025-09-17T03:40:52.573+05:30  INFO 13036 --- [Back_End] [main] o.apache.catalina.core.StandardService   : Starting service [Tomcat]
2025-09-17T03:40:52.573+05:30  INFO 13036 --- [Back_End] [main] o.apache.catalina.core.StandardEngine    : Starting Servlet engine: [Apache Tomcat/10.1.44]
2025-09-17T03:40:52.626+05:30  INFO 13036 --- [Back_End] [main] o.a.c.c.C.[Tomcat].[localhost].[/]       : Initializing Spring embedded WebApplicationContext
2025-09-17T03:40:52.626+05:30  INFO 13036 --- [Back_End] [main] w.s.c.ServletWebServerApplicationContext : Root WebApplicationContext: initialization completed in 1651 ms
2025-09-17T03:40:52.767+05:30  INFO 13036 --- [Back_End] [main] o.hibernate.jpa.internal.util.LogHelper  : HHH000204: Processing PersistenceUnitInfo [name: default]
2025-09-17T03:40:52.833+05:30  INFO 13036 --- [Back_End] [main] org.hibernate.Version                    : HHH000412: Hibernate ORM core version 6.6.26.Final
2025-09-17T03:40:52.869+05:30  INFO 13036 --- [Back_End] [main] o.h.c.internal.RegionFactoryInitiator    : HHH000026: Second-level cache disabled
2025-09-17T03:40:53.199+05:30  INFO 13036 --- [Back_End] [main] o.s.o.j.p.SpringPersistenceUnitInfo      : No LoadTimeWeaver setup: ignoring JPA class transformer
2025-09-17T03:40:53.228+05:30  INFO 13036 --- [Back_End] [main] com.zaxxer.hikari.HikariDataSource       : HikariPool-1 - Starting...
2025-09-17T03:40:53.435+05:30  INFO 13036 --- [Back_End] [main] com.zaxxer.hikari.pool.HikariPool        : HikariPool-1 - Added connection com.mysql.cj.jdbc.ConnectionImpl@73b0ed03
2025-09-17T03:40:53.437+05:30  INFO 13036 --- [Back_End] [main] com.zaxxer.hikari.HikariDataSource       : HikariPool-1 - Start completed.
2025-09-17T03:40:53.489+05:30  WARN 13036 --- [Back_End] [main] org.hibernate.dialect.Dialect            : HHH000511: The 5.5.16 version for [org.hibernate.dialect.MySQLDialect] is no longer supported, hence certain features may not work properly. The minimum supported version is 8.0.0. Check the community dialects project for available legacy versions.
2025-09-17T03:40:53.493+05:30  WARN 13036 --- [Back_End] [main] org.hibernate.orm.deprecation            : HHH90000025: MySQLDialect does not need to be specified explicitly using 'hibernate.dialect' (remove the property setting and it will be selected by default)
2025-09-17T03:40:53.512+05:30  INFO 13036 --- [Back_End] [main] org.hibernate.orm.connections.pooling    : HHH10001005: Database info:
	Database JDBC URL [Connecting through datasource 'HikariDataSource (HikariPool-1)']
	Database driver: undefined/unknown
	Database version: 5.5.16
	Autocommit mode: undefined/unknown
	Isolation level: undefined/unknown
	Minimum pool size: undefined/unknown
	Maximum pool size: undefined/unknown
2025-09-17T03:40:54.517+05:30  INFO 13036 --- [Back_End] [main] o.h.e.t.j.p.i.JtaPlatformInitiator       : HHH000489: No JTA platform available (set 'hibernate.transaction.jta.platform' to enable JTA platform integration)
2025-09-17T03:40:54.630+05:30  INFO 13036 --- [Back_End] [main] j.LocalContainerEntityManagerFactoryBean : Initialized JPA EntityManagerFactory for persistence unit 'default'
2025-09-17T03:40:55.208+05:30  WARN 13036 --- [Back_End] [main] JpaBaseConfiguration$JpaWebConfiguration : spring.jpa.open-in-view is enabled by default. Therefore, database queries may be performed during view rendering. Explicitly configure spring.jpa.open-in-view to disable this warning
2025-09-17T03:40:55.256+05:30  INFO 13036 --- [Back_End] [main] eAuthenticationProviderManagerConfigurer : Global AuthenticationManager configured with AuthenticationProvider bean with name authenticationProvider
2025-09-17T03:40:55.256+05:30  WARN 13036 --- [Back_End] [main] r$InitializeUserDetailsManagerConfigurer : Global AuthenticationManager configured with an AuthenticationProvider bean. UserDetailsService beans will not be used by Spring Security for automatically configuring username/password login. Consider removing the AuthenticationProvider bean. Alternatively, consider using the UserDetailsService in a manually instantiated DaoAuthenticationProvider. If the current configuration is intentional, to turn off this warning, increase the logging level of 'org.springframework.security.config.annotation.authentication.configuration.InitializeUserDetailsBeanManagerConfigurer' to ERROR
2025-09-17T03:40:55.930+05:30  INFO 13036 --- [Back_End] [main] o.s.b.w.embedded.tomcat.TomcatWebServer  : Tomcat started on port 8080 (http) with context path '/'
2025-09-17T03:40:55.939+05:30  INFO 13036 --- [Back_End] [main] com.hierly.back_end.BackEndApplication   : Started BackEndApplication in 5.791 seconds (process running for 6.773)
2025-09-17T03:42:42.852+05:30  INFO 13036 --- [Back_End] [http-nio-8080-exec-1] o.a.c.c.C.[Tomcat].[localhost].[/]       : Initializing Spring DispatcherServlet 'dispatcherServlet'
2025-09-17T03:42:42.853+05:30  INFO 13036 --- [Back_End] [http-nio-8080-exec-1] o.s.web.servlet.DispatcherServlet        : Initializing Servlet 'dispatcherServlet'
2025-09-17T03:42:42.854+05:30  INFO 13036 --- [Back_End] [http-nio-8080-exec-1] o.s.web.servlet.DispatcherServlet        : Completed initialization in 1 ms
